<?xml version="1.0" encoding="UTF-8"?>
<testng-results ignored="0" total="1" passed="1" failed="0" skipped="0">
  <reporter-output>
  </reporter-output>
  <suite started-at="2023-12-27T14:13:41 IST" name="Suite" finished-at="2023-12-27T14:14:12 IST" duration-ms="30852">
    <groups>
    </groups>
    <test started-at="2023-12-27T14:13:41 IST" name="Test" finished-at="2023-12-27T14:14:12 IST" duration-ms="30852">
      <class name="orangeHrmTest.Login_Logout">
        <test-method is-config="true" signature="setup()[pri:0, instance:orangeHrmTest.Login_Logout@11bd0f3b]" started-at="2023-12-27T14:13:41 IST" name="setup" finished-at="2023-12-27T14:13:52 IST" duration-ms="10803" status="PASS">
          <reporter-output>
          </reporter-output>
        </test-method> <!-- setup -->
        <test-method signature="verifyLogin()[pri:0, instance:orangeHrmTest.Login_Logout@11bd0f3b]" started-at="2023-12-27T14:13:52 IST" name="verifyLogin" finished-at="2023-12-27T14:14:06 IST" duration-ms="14298" status="PASS">
          <reporter-output>
          </reporter-output>
        </test-method> <!-- verifyLogin -->
        <test-method is-config="true" signature="teardown()[pri:0, instance:orangeHrmTest.Login_Logout@11bd0f3b]" started-at="2023-12-27T14:14:06 IST" name="teardown" finished-at="2023-12-27T14:14:12 IST" duration-ms="5693" status="PASS">
          <reporter-output>
          </reporter-output>
        </test-method> <!-- teardown -->
      </class> <!-- orangeHrmTest.Login_Logout -->
    </test> <!-- Test -->
  </suite> <!-- Suite -->
</testng-results>
